<?xml version="1.0" encoding="UTF-8"?>
<!-- Generated by org.testng.reporters.JUnitReportReporter -->
<testsuite hostname="DESKTOP-DB2JUPE" failures="0" tests="2" name="TestRunner.Run" time="52.505" errors="0" timestamp="2023-01-31T14:29:53 IST" skipped="0">
  <testcase classname="TestRunner.Run" name="runScenario" time="31.073"/>
  <system-out/>
  <testcase classname="TestRunner.Run" name="runScenario" time="21.432"/>
  <system-out/>
</testsuite> <!-- TestRunner.Run -->
